[debug] [2021-07-03T01:54:10.005Z] ----------------------------------------------------------------------
[debug] [2021-07-03T01:54:10.009Z] Command:       C:\Program Files\nodejs\Desktop\node.exe C:\Users\User\AppData\Roaming\npm\node_modules\firebase-tools\lib\bin\firebase.js deploy
[debug] [2021-07-03T01:54:10.009Z] CLI Version:   9.14.0
[debug] [2021-07-03T01:54:10.009Z] Platform:      win32
[debug] [2021-07-03T01:54:10.009Z] Node Version:  v14.16.1
[debug] [2021-07-03T01:54:10.011Z] Time:          Fri Jul 02 2021 22:54:10 GMT-0300 (Horário Padrão de Brasília)
[debug] [2021-07-03T01:54:10.011Z] ----------------------------------------------------------------------
[debug] 
[debug] [2021-07-03T01:54:10.031Z] > command requires scopes: ["email","openid","https://www.googleapis.com/auth/cloudplatformprojects.readonly","https://www.googleapis.com/auth/firebase","https://www.googleapis.com/auth/cloud-platform"]
[debug] [2021-07-03T01:54:10.031Z] > authorizing via signed-in user (lucas.sacoman1999@gmail.com)
[debug] [2021-07-03T01:54:10.031Z] [iam] checking project letmeask-ccb37 for permissions ["firebase.projects.get","firebasedatabase.instances.update","firebasehosting.sites.update"]
[debug] [2021-07-03T01:54:10.035Z] >>> HTTP REQUEST POST https://cloudresourcemanager.googleapis.com/v1/projects/letmeask-ccb37:testIamPermissions  
 {"permissions":["firebase.projects.get","firebasedatabase.instances.update","firebasehosting.sites.update"]}
[debug] [2021-07-03T01:54:17.697Z] <<< HTTP RESPONSE 200 {"content-type":"application/json; charset=UTF-8","vary":"X-Origin, Referer, Origin,Accept-Encoding","date":"Sat, 03 Jul 2021 01:54:17 GMT","server":"ESF","cache-control":"private","x-xss-protection":"0","x-frame-options":"SAMEORIGIN","x-content-type-options":"nosniff","server-timing":"gfet4t7; dur=739","alt-svc":"h3=\":443\"; ma=2592000,h3-29=\":443\"; ma=2592000,h3-T051=\":443\"; ma=2592000,h3-Q050=\":443\"; ma=2592000,h3-Q046=\":443\"; ma=2592000,h3-Q043=\":443\"; ma=2592000,quic=\":443\"; ma=2592000; v=\"46,43\"","accept-ranges":"none","transfer-encoding":"chunked"}
[debug] [2021-07-03T01:54:17.700Z] > refreshing access token with scopes: []
[debug] [2021-07-03T01:54:17.700Z] >>> HTTP REQUEST POST https://www.googleapis.com/oauth2/v3/token  
 <request body omitted>
[debug] [2021-07-03T01:54:31.516Z] <<< HTTP RESPONSE 200 {"date":"Sat, 03 Jul 2021 01:54:17 GMT","cache-control":"no-cache, no-store, max-age=0, must-revalidate","pragma":"no-cache","expires":"Mon, 01 Jan 1990 00:00:00 GMT","content-type":"application/json; charset=utf-8","vary":"X-Origin, Referer, Origin,Accept-Encoding","server":"scaffolding on HTTPServer2","x-xss-protection":"0","x-frame-options":"SAMEORIGIN","x-content-type-options":"nosniff","alt-svc":"h3=\":443\"; ma=2592000,h3-29=\":443\"; ma=2592000,h3-T051=\":443\"; ma=2592000,h3-Q050=\":443\"; ma=2592000,h3-Q046=\":443\"; ma=2592000,h3-Q043=\":443\"; ma=2592000,quic=\":443\"; ma=2592000; v=\"46,43\"","accept-ranges":"none","transfer-encoding":"chunked"}
[debug] [2021-07-03T01:54:31.580Z] >>> [apiv2][query] GET https://firebase.googleapis.com/v1beta1/projects/letmeask-ccb37 [none]
[debug] [2021-07-03T01:54:39.478Z] <<< [apiv2][status] GET https://firebase.googleapis.com/v1beta1/projects/letmeask-ccb37 200
[debug] [2021-07-03T01:54:39.478Z] <<< [apiv2][body] GET https://firebase.googleapis.com/v1beta1/projects/letmeask-ccb37 {"projectId":"letmeask-ccb37","projectNumber":"724378551057","displayName":"letmeask","name":"projects/letmeask-ccb37","resources":{"hostingSite":"letmeask-ccb37","realtimeDatabaseInstance":"letmeask-ccb37-default-rtdb"},"state":"ACTIVE"}
[debug] [2021-07-03T01:54:39.478Z] >>> [apiv2][query] GET https://firebase.googleapis.com/v1beta1/projects/letmeask-ccb37 [none]
[debug] [2021-07-03T01:55:09.486Z] Timeout reached making request to https://firebase.googleapis.com/v1beta1/projects/letmeask-ccb37
[debug] [2021-07-03T02:06:31.893Z] ----------------------------------------------------------------------
[debug] [2021-07-03T02:06:31.896Z] Command:       C:\Program Files\nodejs\Desktop\node.exe C:\Users\User\AppData\Roaming\npm\node_modules\firebase-tools\lib\bin\firebase.js deploy
[debug] [2021-07-03T02:06:31.897Z] CLI Version:   9.14.0
[debug] [2021-07-03T02:06:31.897Z] Platform:      win32
[debug] [2021-07-03T02:06:31.897Z] Node Version:  v14.16.1
[debug] [2021-07-03T02:06:31.899Z] Time:          Fri Jul 02 2021 23:06:31 GMT-0300 (Horário Padrão de Brasília)
[debug] [2021-07-03T02:06:31.899Z] ----------------------------------------------------------------------
[debug] 
[debug] [2021-07-03T02:06:31.918Z] > command requires scopes: ["email","openid","https://www.googleapis.com/auth/cloudplatformprojects.readonly","https://www.googleapis.com/auth/firebase","https://www.googleapis.com/auth/cloud-platform"]
[debug] [2021-07-03T02:06:31.918Z] > authorizing via signed-in user (lucas.sacoman1999@gmail.com)
[debug] [2021-07-03T02:06:31.918Z] [iam] checking project letmeask-ccb37 for permissions ["firebase.projects.get","firebasedatabase.instances.update","firebasehosting.sites.update"]
[debug] [2021-07-03T02:06:31.921Z] > refreshing access token with scopes: ["email","https://www.googleapis.com/auth/cloud-platform","https://www.googleapis.com/auth/cloudplatformprojects.readonly","https://www.googleapis.com/auth/firebase","openid"]
[debug] [2021-07-03T02:06:31.922Z] >>> HTTP REQUEST POST https://www.googleapis.com/oauth2/v3/token  
 <request body omitted>
